<?xml version="1.0" encoding="UTF-8"?>
<robot generator="Robot 3.2.1 (Python 3.8.3 on win32)" generated="20200618 11:45:22.524" rpa="false">
<suite id="s1" name="SequentialExecutionTest" source="C:\Users\Jaguar\eclipse-workspace\SequentialExecutionTest">
<suite id="s1-s1" name="Firefox" source="C:\Users\Jaguar\eclipse-workspace\SequentialExecutionTest\Firefox.robot">
<test id="s1-s1-t1" name="Cross Browser Testing with Chrome Browser">
<kw name="Open Browser" library="SeleniumLibrary">
<doc>Opens a new browser instance to the optional ``url``.</doc>
<arguments>
<arg>${URL}</arg>
<arg>${FirefoxBrowser}</arg>
<arg>None</arg>
<arg>http://10.100.20.147:4444/wd/hub</arg>
</arguments>
<msg timestamp="20200618 11:45:22.997" level="INFO">Opening browser 'ff' to base url 'https://www.amazon.in/' through remote server at 'http://10.100.20.147:4444/wd/hub'.</msg>
<status status="PASS" starttime="20200618 11:45:22.996" endtime="20200618 11:45:42.302"></status>
</kw>
<doc>FireFox Browser with Amazon web site</doc>
<status status="PASS" starttime="20200618 11:45:22.995" endtime="20200618 11:45:42.304" critical="yes"></status>
</test>
<test id="s1-s1-t2" name="Get Amazon title">
<kw name="Sleep" library="BuiltIn">
<doc>Pauses the test executed for the given time.</doc>
<arguments>
<arg>5s</arg>
</arguments>
<msg timestamp="20200618 11:45:47.313" level="INFO">Slept 5 seconds</msg>
<status status="PASS" starttime="20200618 11:45:42.309" endtime="20200618 11:45:47.314"></status>
</kw>
<kw name="Get Element Attribute" library="SeleniumLibrary">
<doc>Returns the value of ``attribute`` from the element ``locator``.</doc>
<arguments>
<arg>xpath=.//a[@aria-label='Amazon']</arg>
<arg>aria-label</arg>
</arguments>
<assign>
<var>${GetValue}</var>
</assign>
<msg timestamp="20200618 11:45:51.856" level="INFO">${GetValue} = Amazon</msg>
<status status="PASS" starttime="20200618 11:45:47.315" endtime="20200618 11:45:51.856"></status>
</kw>
<kw name="Log To Console" library="BuiltIn">
<doc>Logs the given message to the console.</doc>
<arguments>
<arg>${GetValue}</arg>
</arguments>
<status status="PASS" starttime="20200618 11:45:51.858" endtime="20200618 11:45:51.861"></status>
</kw>
<kw name="Should Be Equal" library="BuiltIn">
<doc>Fails if the given objects are unequal.</doc>
<arguments>
<arg>${GetValue}</arg>
<arg>Amazon</arg>
</arguments>
<status status="PASS" starttime="20200618 11:45:51.863" endtime="20200618 11:45:51.865"></status>
</kw>
<kw name="Log To Console" library="BuiltIn">
<doc>Logs the given message to the console.</doc>
<arguments>
<arg>Amazon web site title verified successfully</arg>
</arguments>
<status status="PASS" starttime="20200618 11:45:51.866" endtime="20200618 11:45:51.868"></status>
</kw>
<status status="PASS" starttime="20200618 11:45:42.307" endtime="20200618 11:45:51.869" critical="yes"></status>
</test>
<test id="s1-s1-t3" name="Close browser">
<kw name="Sleep" library="BuiltIn">
<doc>Pauses the test executed for the given time.</doc>
<arguments>
<arg>10s</arg>
</arguments>
<msg timestamp="20200618 11:46:01.876" level="INFO">Slept 10 seconds</msg>
<status status="PASS" starttime="20200618 11:45:51.874" endtime="20200618 11:46:01.876"></status>
</kw>
<kw name="Close Browser" library="SeleniumLibrary">
<doc>Closes the current browser.</doc>
<status status="PASS" starttime="20200618 11:46:01.877" endtime="20200618 11:46:14.584"></status>
</kw>
<status status="PASS" starttime="20200618 11:45:51.872" endtime="20200618 11:46:14.585" critical="yes"></status>
</test>
<status status="PASS" starttime="20200618 11:45:22.611" endtime="20200618 11:46:14.592"></status>
</suite>
<status status="PASS" starttime="20200618 11:45:22.571" endtime="20200618 11:46:14.615"></status>
</suite>
<statistics>
<total>
<stat pass="3" fail="0">Critical Tests</stat>
<stat pass="3" fail="0">All Tests</stat>
</total>
<tag>
</tag>
<suite>
<stat pass="3" fail="0" id="s1" name="SequentialExecutionTest">SequentialExecutionTest</stat>
<stat pass="3" fail="0" id="s1-s1" name="Firefox">SequentialExecutionTest.Firefox</stat>
</suite>
</statistics>
<errors>
</errors>
</robot>
